---  ___                           __   ______ ---
--- |   \ _ _ ___ __ _ _ __  ___ _ \ \ / /__ / ---
--- | |) | '_/ -_) _` | '  \/ -_) '/\ V / |_ \ ---
--- |___/|_| \___\__,_|_|_|_\___|_|  \_/ |___/ ---
Replica: 0 / 1
Logdir: logs/arm_test
Run script: train
Observations
  arm_joints       Space(float32, shape=(), low=-inf, high=inf)
  block_pose       Space(float32, shape=(), low=-inf, high=inf)
  target_pose      Space(float32, shape=(), low=-inf, high=inf)
  wrist_angle      Space(float32, shape=(), low=-inf, high=inf)
  gripper_state    Space(float32, shape=(), low=-inf, high=inf)
  contact          Space(float32, shape=(), low=-inf, high=inf)
  reward           Space(float32, shape=(), low=-inf, high=inf)
  is_first         Space(bool, shape=(), low=False, high=True)
  is_last          Space(bool, shape=(), low=False, high=True)
  is_terminal      Space(bool, shape=(), low=False, high=True)
Actions
  action           Space(float32, shape=(5,), low=-1.0, high=1.0)
Extras
  consec           Space(int32, shape=(), low=-2147483648, high=2147483647)
  stepid           Space(uint8, shape=(20,), low=0, high=255)
  dyn/deter        Space(float32, shape=(512,), low=-inf, high=inf)
  dyn/stoch        Space(float32, shape=(32, 4), low=-inf, high=inf)
JAX devices (1): [cuda:0]
Policy devices: cuda:0
Train devices:  cuda:0
Initializing parameters...
Optimizer opt has 638,351 params:
       364,352 dyn
        66,111 val
        57,663 rew
        50,186 pol
        49,926 dec
        41,153 con
         8,960 enc
[1]
[0]
[1]
[1]
con/head/logit/bias
[1]
[1]
con/head/logit/kernel
[1]
[1]
con/mlp/linear0/bias
[1]
[1]
con/mlp/linear0/kernel
[1]
[1]
con/mlp/norm0/scale
[1]
[1]
dec/mlp/linear0/bias
[1]
[1]
dec/mlp/linear0/kernel
[1]
[1]
dec/mlp/linear1/bias
[1]
[1]
dec/mlp/linear1/kernel
[1]
[1]
dec/mlp/linear2/bias
[1]
[1]
dec/mlp/linear2/kernel
[1]
[1]
dec/mlp/norm0/scale
[1]
[1]
dec/mlp/norm1/scale
[1]
[1]
dec/mlp/norm2/scale
[1]
[1]
dec/vec/arm_joints/pred/bias
[1]
[1]
dec/vec/arm_joints/pred/kernel
[1]
[1]
dec/vec/block_pose/pred/bias
[1]
[1]
dec/vec/block_pose/pred/kernel
[1]
[1]
dec/vec/contact/pred/bias
[1]
[1]
dec/vec/contact/pred/kernel
[1]
[1]
dec/vec/gripper_state/pred/bias
[1]
[1]
dec/vec/gripper_state/pred/kernel
[1]
[1]
dec/vec/target_pose/pred/bias
[1]
[1]
dec/vec/target_pose/pred/kernel
[1]
[1]
dec/vec/wrist_angle/pred/bias
[1]
[1]
dec/vec/wrist_angle/pred/kernel
[1]
[1]
dyn/dyngru/bias
[1]
[1]
dyn/dyngru/kernel
[1]
[1]
dyn/dynhid0/bias
[1]
[1]
dyn/dynhid0/kernel
[1]
[1]
dyn/dynhid0norm/scale
[1]
[1]
dyn/dynin0/bias
[1]
[1]
dyn/dynin0/kernel
[1]
[1]
dyn/dynin0norm/scale
[1]
[1]
dyn/dynin1/bias
[1]
[1]
dyn/dynin1/kernel
[1]
[1]
dyn/dynin1norm/scale
[1]
[1]
dyn/dynin2/bias
[1]
[1]
dyn/dynin2/kernel
[1]
[1]
dyn/dynin2norm/scale
[1]
[1]
dyn/obs0/bias
[1]
[1]
dyn/obs0/kernel
[1]
[1]
dyn/obs0norm/scale
[1]
[1]
dyn/obslogit/bias
[1]
[1]
dyn/obslogit/kernel
[1]
[1]
dyn/prior0/bias
[1]
[1]
dyn/prior0/kernel
[1]
[1]
dyn/prior0norm/scale
[1]
[1]
dyn/prior1/bias
[1]
[1]
dyn/prior1/kernel
[1]
[1]
dyn/prior1norm/scale
[1]
[1]
dyn/priorlogit/bias
[1]
[1]
dyn/priorlogit/kernel
[1]
[1]
enc/mlp0/bias
[1]
[1]
enc/mlp0/kernel
[1]
[1]
enc/mlp0norm/scale
[1]
[1]
enc/mlp1/bias
[1]
[1]
enc/mlp1/kernel
[1]
[1]
enc/mlp1norm/scale
[1]
[1]
enc/mlp2/bias
[1]
[1]
enc/mlp2/kernel
[1]
[1]
enc/mlp2norm/scale
[1]
[1]
pol/head/action/mean/bias
[1]
[1]
pol/head/action/mean/kernel
[1]
[1]
pol/head/action/stddev/bias
[1]
[1]
pol/head/action/stddev/kernel
[1]
[1]
pol/mlp/linear0/bias
[1]
[1]
pol/mlp/linear0/kernel
[1]
[1]
pol/mlp/linear1/bias
[1]
[1]
pol/mlp/linear1/kernel
[1]
[1]
pol/mlp/linear2/bias
[1]
[1]
pol/mlp/linear2/kernel
[1]
[1]
pol/mlp/norm0/scale
[1]
[1]
pol/mlp/norm1/scale
[1]
[1]
pol/mlp/norm2/scale
[1]
[1]
rew/head/logits/bias
[1]
[1]
rew/head/logits/kernel
[1]
[1]
rew/mlp/linear0/bias
[1]
[1]
rew/mlp/linear0/kernel
[1]
[1]
rew/mlp/norm0/scale
[1]
[1]
val/head/logits/bias
[1]
[1]
val/head/logits/kernel
[1]
[1]
val/mlp/linear0/bias
[1]
[1]
val/mlp/linear0/kernel
[1]
[1]
val/mlp/linear1/bias
[1]
[1]
val/mlp/linear1/kernel
[1]
[1]
val/mlp/linear2/bias
[1]
[1]
val/mlp/linear2/kernel
[1]
[1]
val/mlp/norm0/scale
[1]
[1]
val/mlp/norm1/scale
[1]
[1]
val/mlp/norm2/scale
[2]
[0]
[2]
[1]
con/head/logit/bias
[2]
[1]
con/head/logit/kernel
[2]
[1]
con/mlp/linear0/bias
[2]
[1]
con/mlp/linear0/kernel
[2]
[1]
con/mlp/norm0/scale
[2]
[1]
dec/mlp/linear0/bias
[2]
[1]
dec/mlp/linear0/kernel
[2]
[1]
dec/mlp/linear1/bias
[2]
[1]
dec/mlp/linear1/kernel
[2]
[1]
dec/mlp/linear2/bias
[2]
[1]
dec/mlp/linear2/kernel
[2]
[1]
dec/mlp/norm0/scale
[2]
[1]
dec/mlp/norm1/scale
[2]
[1]
dec/mlp/norm2/scale
[2]
[1]
dec/vec/arm_joints/pred/bias
[2]
[1]
dec/vec/arm_joints/pred/kernel
[2]
[1]
dec/vec/block_pose/pred/bias
[2]
[1]
dec/vec/block_pose/pred/kernel
[2]
[1]
dec/vec/contact/pred/bias
[2]
[1]
dec/vec/contact/pred/kernel
[2]
[1]
dec/vec/gripper_state/pred/bias
[2]
[1]
dec/vec/gripper_state/pred/kernel
[2]
[1]
dec/vec/target_pose/pred/bias
[2]
[1]
dec/vec/target_pose/pred/kernel
[2]
[1]
dec/vec/wrist_angle/pred/bias
[2]
[1]
dec/vec/wrist_angle/pred/kernel
[2]
[1]
dyn/dyngru/bias
[2]
[1]
dyn/dyngru/kernel
[2]
[1]
dyn/dynhid0/bias
[2]
[1]
dyn/dynhid0/kernel
[2]
[1]
dyn/dynhid0norm/scale
[2]
[1]
dyn/dynin0/bias
[2]
[1]
dyn/dynin0/kernel
[2]
[1]
dyn/dynin0norm/scale
[2]
[1]
dyn/dynin1/bias
[2]
[1]
dyn/dynin1/kernel
[2]
[1]
dyn/dynin1norm/scale
[2]
[1]
dyn/dynin2/bias
[2]
[1]
dyn/dynin2/kernel
[2]
[1]
dyn/dynin2norm/scale
[2]
[1]
dyn/obs0/bias
[2]
[1]
dyn/obs0/kernel
[2]
[1]
dyn/obs0norm/scale
[2]
[1]
dyn/obslogit/bias
[2]
[1]
dyn/obslogit/kernel
[2]
[1]
dyn/prior0/bias
[2]
[1]
dyn/prior0/kernel
[2]
[1]
dyn/prior0norm/scale
[2]
[1]
dyn/prior1/bias
[2]
[1]
dyn/prior1/kernel
[2]
[1]
dyn/prior1norm/scale
[2]
[1]
dyn/priorlogit/bias
[2]
[1]
dyn/priorlogit/kernel
[2]
[1]
enc/mlp0/bias
[2]
[1]
enc/mlp0/kernel
[2]
[1]
enc/mlp0norm/scale
[2]
[1]
enc/mlp1/bias
[2]
[1]
enc/mlp1/kernel
[2]
[1]
enc/mlp1norm/scale
[2]
[1]
enc/mlp2/bias
[2]
[1]
enc/mlp2/kernel
[2]
[1]
enc/mlp2norm/scale
[2]
[1]
pol/head/action/mean/bias
[2]
[1]
pol/head/action/mean/kernel
[2]
[1]
pol/head/action/stddev/bias
[2]
[1]
pol/head/action/stddev/kernel
[2]
[1]
pol/mlp/linear0/bias
[2]
[1]
pol/mlp/linear0/kernel
[2]
[1]
pol/mlp/linear1/bias
[2]
[1]
pol/mlp/linear1/kernel
[2]
[1]
pol/mlp/linear2/bias
[2]
[1]
pol/mlp/linear2/kernel
[2]
[1]
pol/mlp/norm0/scale
[2]
[1]
pol/mlp/norm1/scale
[2]
[1]
pol/mlp/norm2/scale
[2]
[1]
rew/head/logits/bias
[2]
[1]
rew/head/logits/kernel
[2]
[1]
rew/mlp/linear0/bias
[2]
[1]
rew/mlp/linear0/kernel
[2]
[1]
rew/mlp/norm0/scale
[2]
[1]
val/head/logits/bias
[2]
[1]
val/head/logits/kernel
[2]
[1]
val/mlp/linear0/bias
[2]
[1]
val/mlp/linear0/kernel
[2]
[1]
val/mlp/linear1/bias
[2]
[1]
val/mlp/linear1/kernel
[2]
[1]
val/mlp/linear2/bias
[2]
[1]
val/mlp/linear2/kernel
[2]
[1]
val/mlp/norm0/scale
[2]
[1]
val/mlp/norm1/scale
[2]
[1]
val/mlp/norm2/scale
[3]
.count
[1]
[0]
[1]
[1]
con/head/logit/bias
[1]
[1]
con/head/logit/kernel
[1]
[1]
con/mlp/linear0/bias
[1]
[1]
con/mlp/linear0/kernel
[1]
[1]
con/mlp/norm0/scale
[1]
[1]
dec/mlp/linear0/bias
[1]
[1]
dec/mlp/linear0/kernel
[1]
[1]
dec/mlp/linear1/bias
[1]
[1]
dec/mlp/linear1/kernel
[1]
[1]
dec/mlp/linear2/bias
[1]
[1]
dec/mlp/linear2/kernel
[1]
[1]
dec/mlp/norm0/scale
[1]
[1]
dec/mlp/norm1/scale
[1]
[1]
dec/mlp/norm2/scale
[1]
[1]
dec/vec/arm_joints/pred/bias
[1]
[1]
dec/vec/arm_joints/pred/kernel
[1]
[1]
dec/vec/block_pose/pred/bias
[1]
[1]
dec/vec/block_pose/pred/kernel
[1]
[1]
dec/vec/contact/pred/bias
[1]
[1]
dec/vec/contact/pred/kernel
[1]
[1]
dec/vec/gripper_state/pred/bias
[1]
[1]
dec/vec/gripper_state/pred/kernel
[1]
[1]
dec/vec/target_pose/pred/bias
[1]
[1]
dec/vec/target_pose/pred/kernel
[1]
[1]
dec/vec/wrist_angle/pred/bias
[1]
[1]
dec/vec/wrist_angle/pred/kernel
[1]
[1]
dyn/dyngru/bias
[1]
[1]
dyn/dyngru/kernel
[1]
[1]
dyn/dynhid0/bias
[1]
[1]
dyn/dynhid0/kernel
[1]
[1]
dyn/dynhid0norm/scale
[1]
[1]
dyn/dynin0/bias
[1]
[1]
dyn/dynin0/kernel
[1]
[1]
dyn/dynin0norm/scale
[1]
[1]
dyn/dynin1/bias
[1]
[1]
dyn/dynin1/kernel
[1]
[1]
dyn/dynin1norm/scale
[1]
[1]
dyn/dynin2/bias
[1]
[1]
dyn/dynin2/kernel
[1]
[1]
dyn/dynin2norm/scale
[1]
[1]
dyn/obs0/bias
[1]
[1]
dyn/obs0/kernel
[1]
[1]
dyn/obs0norm/scale
[1]
[1]
dyn/obslogit/bias
[1]
[1]
dyn/obslogit/kernel
[1]
[1]
dyn/prior0/bias
[1]
[1]
dyn/prior0/kernel
[1]
[1]
dyn/prior0norm/scale
[1]
[1]
dyn/prior1/bias
[1]
[1]
dyn/prior1/kernel
[1]
[1]
dyn/prior1norm/scale
[1]
[1]
dyn/priorlogit/bias
[1]
[1]
dyn/priorlogit/kernel
[1]
[1]
enc/mlp0/bias
[1]
[1]
enc/mlp0/kernel
[1]
[1]
enc/mlp0norm/scale
[1]
[1]
enc/mlp1/bias
[1]
[1]
enc/mlp1/kernel
[1]
[1]
enc/mlp1norm/scale
[1]
[1]
enc/mlp2/bias
[1]
[1]
enc/mlp2/kernel
[1]
[1]
enc/mlp2norm/scale
[1]
[1]
pol/head/action/mean/bias
[1]
[1]
pol/head/action/mean/kernel
[1]
[1]
pol/head/action/stddev/bias
[1]
[1]
pol/head/action/stddev/kernel
[1]
[1]
pol/mlp/linear0/bias
[1]
[1]
pol/mlp/linear0/kernel
[1]
[1]
pol/mlp/linear1/bias
[1]
[1]
pol/mlp/linear1/kernel
[1]
[1]
pol/mlp/linear2/bias
[1]
[1]
pol/mlp/linear2/kernel
[1]
[1]
pol/mlp/norm0/scale
[1]
[1]
pol/mlp/norm1/scale
[1]
[1]
pol/mlp/norm2/scale
[1]
[1]
rew/head/logits/bias
[1]
[1]
rew/head/logits/kernel
[1]
[1]
rew/mlp/linear0/bias
[1]
[1]
rew/mlp/linear0/kernel
[1]
[1]
rew/mlp/norm0/scale
[1]
[1]
val/head/logits/bias
[1]
[1]
val/head/logits/kernel
[1]
[1]
val/mlp/linear0/bias
[1]
[1]
val/mlp/linear0/kernel
[1]
[1]
val/mlp/linear1/bias
[1]
[1]
val/mlp/linear1/kernel
[1]
[1]
val/mlp/linear2/bias
[1]
[1]
val/mlp/linear2/kernel
[1]
[1]
val/mlp/norm0/scale
[1]
[1]
val/mlp/norm1/scale
[1]
[1]
val/mlp/norm2/scale
[2]
[0]
[2]
[1]
con/head/logit/bias
[2]
[1]
con/head/logit/kernel
[2]
[1]
con/mlp/linear0/bias
[2]
[1]
con/mlp/linear0/kernel
[2]
[1]
con/mlp/norm0/scale
[2]
[1]
dec/mlp/linear0/bias
[2]
[1]
dec/mlp/linear0/kernel
[2]
[1]
dec/mlp/linear1/bias
[2]
[1]
dec/mlp/linear1/kernel
[2]
[1]
dec/mlp/linear2/bias
[2]
[1]
dec/mlp/linear2/kernel
[2]
[1]
dec/mlp/norm0/scale
[2]
[1]
dec/mlp/norm1/scale
[2]
[1]
dec/mlp/norm2/scale
[2]
[1]
dec/vec/arm_joints/pred/bias
[2]
[1]
dec/vec/arm_joints/pred/kernel
[2]
[1]
dec/vec/block_pose/pred/bias
[2]
[1]
dec/vec/block_pose/pred/kernel
[2]
[1]
dec/vec/contact/pred/bias
[2]
[1]
dec/vec/contact/pred/kernel
[2]
[1]
dec/vec/gripper_state/pred/bias
[2]
[1]
dec/vec/gripper_state/pred/kernel
[2]
[1]
dec/vec/target_pose/pred/bias
[2]
[1]
dec/vec/target_pose/pred/kernel
[2]
[1]
dec/vec/wrist_angle/pred/bias
[2]
[1]
dec/vec/wrist_angle/pred/kernel
[2]
[1]
dyn/dyngru/bias
[2]
[1]
dyn/dyngru/kernel
[2]
[1]
dyn/dynhid0/bias
[2]
[1]
dyn/dynhid0/kernel
[2]
[1]
dyn/dynhid0norm/scale
[2]
[1]
dyn/dynin0/bias
[2]
[1]
dyn/dynin0/kernel
[2]
[1]
dyn/dynin0norm/scale
[2]
[1]
dyn/dynin1/bias
[2]
[1]
dyn/dynin1/kernel
[2]
[1]
dyn/dynin1norm/scale
[2]
[1]
dyn/dynin2/bias
[2]
[1]
dyn/dynin2/kernel
[2]
[1]
dyn/dynin2norm/scale
[2]
[1]
dyn/obs0/bias
[2]
[1]
dyn/obs0/kernel
[2]
[1]
dyn/obs0norm/scale
[2]
[1]
dyn/obslogit/bias
[2]
[1]
dyn/obslogit/kernel
[2]
[1]
dyn/prior0/bias
[2]
[1]
dyn/prior0/kernel
[2]
[1]
dyn/prior0norm/scale
[2]
[1]
dyn/prior1/bias
[2]
[1]
dyn/prior1/kernel
[2]
[1]
dyn/prior1norm/scale
[2]
[1]
dyn/priorlogit/bias
[2]
[1]
dyn/priorlogit/kernel
[2]
[1]
enc/mlp0/bias
[2]
[1]
enc/mlp0/kernel
[2]
[1]
enc/mlp0norm/scale
[2]
[1]
enc/mlp1/bias
[2]
[1]
enc/mlp1/kernel
[2]
[1]
enc/mlp1norm/scale
[2]
[1]
enc/mlp2/bias
[2]
[1]
enc/mlp2/kernel
[2]
[1]
enc/mlp2norm/scale
[2]
[1]
pol/head/action/mean/bias
[2]
[1]
pol/head/action/mean/kernel
[2]
[1]
pol/head/action/stddev/bias
[2]
[1]
pol/head/action/stddev/kernel
[2]
[1]
pol/mlp/linear0/bias
[2]
[1]
pol/mlp/linear0/kernel
[2]
[1]
pol/mlp/linear1/bias
[2]
[1]
pol/mlp/linear1/kernel
[2]
[1]
pol/mlp/linear2/bias
[2]
[1]
pol/mlp/linear2/kernel
[2]
[1]
pol/mlp/norm0/scale
[2]
[1]
pol/mlp/norm1/scale
[2]
[1]
pol/mlp/norm2/scale
[2]
[1]
rew/head/logits/bias
[2]
[1]
rew/head/logits/kernel
[2]
[1]
rew/mlp/linear0/bias
[2]
[1]
rew/mlp/linear0/kernel
[2]
[1]
rew/mlp/norm0/scale
[2]
[1]
val/head/logits/bias
[2]
[1]
val/head/logits/kernel
[2]
[1]
val/mlp/linear0/bias
[2]
[1]
val/mlp/linear0/kernel
[2]
[1]
val/mlp/linear1/bias
[2]
[1]
val/mlp/linear1/kernel
[2]
[1]
val/mlp/linear2/bias
[2]
[1]
val/mlp/linear2/kernel
[2]
[1]
val/mlp/norm0/scale
[2]
[1]
val/mlp/norm1/scale
[2]
[1]
val/mlp/norm2/scale
[3]
.count
Done initializing!
Compiling 1 checkpoint groups...
Largest checkpoint group: 0 GB
Compiling train and report...
[1]
[0]
[1]
[1]
con/head/logit/bias
[1]
[1]
con/head/logit/kernel
[1]
[1]
con/mlp/linear0/bias
[1]
[1]
con/mlp/linear0/kernel
[1]
[1]
con/mlp/norm0/scale
[1]
[1]
dec/mlp/linear0/bias
[1]
[1]
dec/mlp/linear0/kernel
[1]
[1]
dec/mlp/linear1/bias
[1]
[1]
dec/mlp/linear1/kernel
[1]
[1]
dec/mlp/linear2/bias
[1]
[1]
dec/mlp/linear2/kernel
[1]
[1]
dec/mlp/norm0/scale
[1]
[1]
dec/mlp/norm1/scale
[1]
[1]
dec/mlp/norm2/scale
[1]
[1]
dec/vec/arm_joints/pred/bias
[1]
[1]
dec/vec/arm_joints/pred/kernel
[1]
[1]
dec/vec/block_pose/pred/bias
[1]
[1]
dec/vec/block_pose/pred/kernel
[1]
[1]
dec/vec/contact/pred/bias
[1]
[1]
dec/vec/contact/pred/kernel
[1]
[1]
dec/vec/gripper_state/pred/bias
[1]
[1]
dec/vec/gripper_state/pred/kernel
[1]
[1]
dec/vec/target_pose/pred/bias
[1]
[1]
dec/vec/target_pose/pred/kernel
[1]
[1]
dec/vec/wrist_angle/pred/bias
[1]
[1]
dec/vec/wrist_angle/pred/kernel
[1]
[1]
dyn/dyngru/bias
[1]
[1]
dyn/dyngru/kernel
[1]
[1]
dyn/dynhid0/bias
[1]
[1]
dyn/dynhid0/kernel
[1]
[1]
dyn/dynhid0norm/scale
[1]
[1]
dyn/dynin0/bias
[1]
[1]
dyn/dynin0/kernel
[1]
[1]
dyn/dynin0norm/scale
[1]
[1]
dyn/dynin1/bias
[1]
[1]
dyn/dynin1/kernel
[1]
[1]
dyn/dynin1norm/scale
[1]
[1]
dyn/dynin2/bias
[1]
[1]
dyn/dynin2/kernel
[1]
[1]
dyn/dynin2norm/scale
[1]
[1]
dyn/obs0/bias
[1]
[1]
dyn/obs0/kernel
[1]
[1]
dyn/obs0norm/scale
[1]
[1]
dyn/obslogit/bias
[1]
[1]
dyn/obslogit/kernel
[1]
[1]
dyn/prior0/bias
[1]
[1]
dyn/prior0/kernel
[1]
[1]
dyn/prior0norm/scale
[1]
[1]
dyn/prior1/bias
[1]
[1]
dyn/prior1/kernel
[1]
[1]
dyn/prior1norm/scale
[1]
[1]
dyn/priorlogit/bias
[1]
[1]
dyn/priorlogit/kernel
[1]
[1]
enc/mlp0/bias
[1]
[1]
enc/mlp0/kernel
[1]
[1]
enc/mlp0norm/scale
[1]
[1]
enc/mlp1/bias
[1]
[1]
enc/mlp1/kernel
[1]
[1]
enc/mlp1norm/scale
[1]
[1]
enc/mlp2/bias
[1]
[1]
enc/mlp2/kernel
[1]
[1]
enc/mlp2norm/scale
[1]
[1]
pol/head/action/mean/bias
[1]
[1]
pol/head/action/mean/kernel
[1]
[1]
pol/head/action/stddev/bias
[1]
[1]
pol/head/action/stddev/kernel
[1]
[1]
pol/mlp/linear0/bias
[1]
[1]
pol/mlp/linear0/kernel
[1]
[1]
pol/mlp/linear1/bias
[1]
[1]
pol/mlp/linear1/kernel
[1]
[1]
pol/mlp/linear2/bias
[1]
[1]
pol/mlp/linear2/kernel
[1]
[1]
pol/mlp/norm0/scale
[1]
[1]
pol/mlp/norm1/scale
[1]
[1]
pol/mlp/norm2/scale
[1]
[1]
rew/head/logits/bias
[1]
[1]
rew/head/logits/kernel
[1]
[1]
rew/mlp/linear0/bias
[1]
[1]
rew/mlp/linear0/kernel
[1]
[1]
rew/mlp/norm0/scale
[1]
[1]
val/head/logits/bias
[1]
[1]
val/head/logits/kernel
[1]
[1]
val/mlp/linear0/bias
[1]
[1]
val/mlp/linear0/kernel
[1]
[1]
val/mlp/linear1/bias
[1]
[1]
val/mlp/linear1/kernel
[1]
[1]
val/mlp/linear2/bias
[1]
[1]
val/mlp/linear2/kernel
[1]
[1]
val/mlp/norm0/scale
[1]
[1]
val/mlp/norm1/scale
[1]
[1]
val/mlp/norm2/scale
[2]
[0]
[2]
[1]
con/head/logit/bias
[2]
[1]
con/head/logit/kernel
[2]
[1]
con/mlp/linear0/bias
[2]
[1]
con/mlp/linear0/kernel
[2]
[1]
con/mlp/norm0/scale
[2]
[1]
dec/mlp/linear0/bias
[2]
[1]
dec/mlp/linear0/kernel
[2]
[1]
dec/mlp/linear1/bias
[2]
[1]
dec/mlp/linear1/kernel
[2]
[1]
dec/mlp/linear2/bias
[2]
[1]
dec/mlp/linear2/kernel
[2]
[1]
dec/mlp/norm0/scale
[2]
[1]
dec/mlp/norm1/scale
[2]
[1]
dec/mlp/norm2/scale
[2]
[1]
dec/vec/arm_joints/pred/bias
[2]
[1]
dec/vec/arm_joints/pred/kernel
[2]
[1]
dec/vec/block_pose/pred/bias
[2]
[1]
dec/vec/block_pose/pred/kernel
[2]
[1]
dec/vec/contact/pred/bias
[2]
[1]
dec/vec/contact/pred/kernel
[2]
[1]
dec/vec/gripper_state/pred/bias
[2]
[1]
dec/vec/gripper_state/pred/kernel
[2]
[1]
dec/vec/target_pose/pred/bias
[2]
[1]
dec/vec/target_pose/pred/kernel
[2]
[1]
dec/vec/wrist_angle/pred/bias
[2]
[1]
dec/vec/wrist_angle/pred/kernel
[2]
[1]
dyn/dyngru/bias
[2]
[1]
dyn/dyngru/kernel
[2]
[1]
dyn/dynhid0/bias
[2]
[1]
dyn/dynhid0/kernel
[2]
[1]
dyn/dynhid0norm/scale
[2]
[1]
dyn/dynin0/bias
[2]
[1]
dyn/dynin0/kernel
[2]
[1]
dyn/dynin0norm/scale
[2]
[1]
dyn/dynin1/bias
[2]
[1]
dyn/dynin1/kernel
[2]
[1]
dyn/dynin1norm/scale
[2]
[1]
dyn/dynin2/bias
[2]
[1]
dyn/dynin2/kernel
[2]
[1]
dyn/dynin2norm/scale
[2]
[1]
dyn/obs0/bias
[2]
[1]
dyn/obs0/kernel
[2]
[1]
dyn/obs0norm/scale
[2]
[1]
dyn/obslogit/bias
[2]
[1]
dyn/obslogit/kernel
[2]
[1]
dyn/prior0/bias
[2]
[1]
dyn/prior0/kernel
[2]
[1]
dyn/prior0norm/scale
[2]
[1]
dyn/prior1/bias
[2]
[1]
dyn/prior1/kernel
[2]
[1]
dyn/prior1norm/scale
[2]
[1]
dyn/priorlogit/bias
[2]
[1]
dyn/priorlogit/kernel
[2]
[1]
enc/mlp0/bias
[2]
[1]
enc/mlp0/kernel
[2]
[1]
enc/mlp0norm/scale
[2]
[1]
enc/mlp1/bias
[2]
[1]
enc/mlp1/kernel
[2]
[1]
enc/mlp1norm/scale
[2]
[1]
enc/mlp2/bias
[2]
[1]
enc/mlp2/kernel
[2]
[1]
enc/mlp2norm/scale
[2]
[1]
pol/head/action/mean/bias
[2]
[1]
pol/head/action/mean/kernel
[2]
[1]
pol/head/action/stddev/bias
[2]
[1]
pol/head/action/stddev/kernel
[2]
[1]
pol/mlp/linear0/bias
[2]
[1]
pol/mlp/linear0/kernel
[2]
[1]
pol/mlp/linear1/bias
[2]
[1]
pol/mlp/linear1/kernel
[2]
[1]
pol/mlp/linear2/bias
[2]
[1]
pol/mlp/linear2/kernel
[2]
[1]
pol/mlp/norm0/scale
[2]
[1]
pol/mlp/norm1/scale
[2]
[1]
pol/mlp/norm2/scale
[2]
[1]
rew/head/logits/bias
[2]
[1]
rew/head/logits/kernel
[2]
[1]
rew/mlp/linear0/bias
[2]
[1]
rew/mlp/linear0/kernel
[2]
[1]
rew/mlp/norm0/scale
[2]
[1]
val/head/logits/bias
[2]
[1]
val/head/logits/kernel
[2]
[1]
val/mlp/linear0/bias
[2]
[1]
val/mlp/linear0/kernel
[2]
[1]
val/mlp/linear1/bias
[2]
[1]
val/mlp/linear1/kernel
[2]
[1]
val/mlp/linear2/bias
[2]
[1]
val/mlp/linear2/kernel
[2]
[1]
val/mlp/norm0/scale
[2]
[1]
val/mlp/norm1/scale
[2]
[1]
val/mlp/norm2/scale
[3]
.count
Train cost analysis:
  FLOPS:            1.8e+09
  Memory (temp):    2.4e+07
  Memory (inputs):  8.3e+06
  Memory (outputs): 8.1e+06
  Memory (code):    2.2e+06

Report cost analysis:
  FLOPS:            2.0e+06
  Memory (temp):    6.2e+05
  Memory (inputs):  1.5e+06
  Memory (outputs): 1.0e+04
  Memory (code):    1.2e+05

Done compiling!
Found existing checkpoint.
Loading checkpoint: logs/arm_test/ckpt/20251107T221322F509768
Loaded checkpoint.
Start training loop
Traceback (most recent call last):
  File "/home/xavie/dreamer/dreamerv3/dreamerv3/main.py", line 277, in <module>
    main()
  File "/home/xavie/dreamer/dreamerv3/dreamerv3/main.py", line 69, in main
    embodied.run.train(
  File "/home/xavie/dreamer/dreamerv3/embodied/run/train.py", line 97, in train
    driver(policy, steps=10)
  File "/home/xavie/dreamer/dreamerv3/embodied/core/driver.py", line 54, in __call__
    step, episode = self._step(policy, step, episode)
                    ^^^^^^^^^^^^^^^^^^^^^^^^^^^^^^^^^
  File "/home/xavie/dreamer/dreamerv3/embodied/core/driver.py", line 65, in _step
    obs = [env.step(act) for env, act in zip(self.envs, acts)]
          ^^^^^^^^^^^^^^^^^^^^^^^^^^^^^^^^^^^^^^^^^^^^^^^^^^^^
  File "/home/xavie/dreamer/dreamerv3/embodied/core/driver.py", line 65, in <listcomp>
    obs = [env.step(act) for env, act in zip(self.envs, acts)]
           ^^^^^^^^^^^^^
  File "/home/xavie/dreamer/dreamerv3/embodied/core/wrappers.py", line 86, in step
    return self.env.step({**action, self._key: clipped})
           ^^^^^^^^^^^^^^^^^^^^^^^^^^^^^^^^^^^^^^^^^^^^^
  File "/home/xavie/dreamer/dreamerv3/embodied/core/wrappers.py", line 256, in step
    self._check(value, self.env.obs_space[key], key)
  File "/home/xavie/dreamer/dreamerv3/embodied/core/wrappers.py", line 268, in _check
    raise ValueError(
ValueError: Value for 'arm_joints' with dtype float32, shape (9,), lowest -2.380150556564331, highest 2.6299915313720703 is not in Space(float32, shape=(), low=-inf, high=inf).
